<?xml version="1.0" encoding="UTF-8"?>
<testsuite xmlns:xsi="http://www.w3.org/2001/XMLSchema-instance" xsi:noNamespaceSchemaLocation="https://maven.apache.org/surefire/maven-surefire-plugin/xsd/surefire-test-report-3.0.xsd" version="3.0" name="com.epsi.tp.UserServiceTest" time="0.085" tests="2" errors="0" skipped="0" failures="0">
  <properties>
[...]
</properties>
  <testcase name="testLoginInvalide" classname="com.epsi.tp.UserServiceTest" time="0.05">
    <system-err><![CDATA[juin 17, 2026 11:12:04 PM com.epsi.tp.UserService login
INFO: Tentative de connexion de l'utilisateur : admin
juin 17, 2026 11:12:04 PM com.epsi.tp.UserService login
WARNING: Identifiants invalides.
]]></system-err>
  </testcase>
  <testcase name="testLoginAdmin" classname="com.epsi.tp.UserServiceTest" time="0.005">
    <system-err><![CDATA[juin 17, 2026 11:12:04 PM com.epsi.tp.UserService login
INFO: Tentative de connexion de l'utilisateur : admin
juin 17, 2026 11:12:04 PM com.epsi.tp.UserService login
INFO: Administrateur connecté avec succès.
]]></system-err>
  </testcase>
</testsuite>